# Changelog
All notable changes to this project will be documented in this file.

The format is based on [Keep a Changelog](http://keepachangelog.com/en/1.0.0/)
and this project adheres to [Semantic Versioning](http://semver.org/spec/v2.0.0.html).

## [Unreleased]
- In Site Search.
- Comment System.

## [3.0.0] - 2017-08-13
### Added
- Migrated to Gatsby

## [2.0.0] - 2017-08-13
### Added
- Developed a Gulp-plugin to concatinate templates so HTML codes can be reused.
- Friend link to my friend [everain.me](https://everain.me)

### Changed
- New visual style & layout.
- Adopted SCSS & PostCSS.
- Adopted ES2015+ syntax and standard.js for linting.
- Adopted Gulp & Yarn for modern front-end workflow.

## [1.1.1] - 2017-01-13
### Changed
- Update link to Haozhe Xie from "trunk shell" to "Infinite Script". (Congratulations, Dr.X)

### Removed
- Remove link to lvzhonghou.com which no longer exist. (sorry to know)

## [1.1.0] - 2016-01-26
### Added
- Start "ES6 Daily" Series.

### Removed
- Drop support for EN Site and focusing on CN version.

## [1.0.3] - 2015-07-18
### Added
- Lab Service online. Providing common feature test for HTML5 and browsers.

## [1.0.2] - 2015-04-03
### Added
- Use JavaScript to load navigation Bar and Footer
- Multi-language recognition according to HTML lang property

## [1.0.1] - 2015-03-26
### Added
- Added English Version

### [1.0.0] - 2015-03-08
### Added
- Flat Design : Card-Style, Roboto, thin font-weight.
- Responsive Design, mobile Friendly.
- Uploaded 2 blogs.
- Linked 2 projects.
- Linked to lucode.net, trunk shell, lvzhonghou.com.

### [0.0.0] - 2014-11-25
- Project Initialized.